<?xml version="1.0" encoding="UTF-8"?>
<!-- Generated by org.testng.reporters.JUnitXMLReporter -->
<testsuite ignored="0" hostname="DESKTOP-6CH6DNR" failures="3" tests="16" name="Surefire test" time="58.157" errors="0" timestamp="2025-05-03T20:03:59 EEST">
  <testcase classname="Tests.AddToCartTest" name="validateAddMoreProductToCart" time="4.137"/>
  <testcase classname="Tests.AddToCartTest" name="validateAddProductToCart" time="2.103"/>
  <testcase classname="Tests.RegisterTest" name="validateRegisterNewUser" time="2.306"/>
  <testcase classname="Tests.RegisterTest" name="validateRegisterwithConfirmEmptyField" time="1.71"/>
  <testcase classname="Tests.RegisterTest" name="validateRegisterwithEmailEmptyField" time="1.922"/>
  <testcase classname="Tests.RegisterTest" name="validateRegisterwithFirstNameEmptyField" time="1.965"/>
  <testcase classname="Tests.RegisterTest" name="validateRegisterwithInvalidConfirmPass" time="1.829"/>
  <testcase classname="Tests.RegisterTest" name="validateRegisterwithInvalidEmail" time="1.443"/>
  <testcase classname="Tests.RegisterTest" name="validateRegisterwithInvalidFirstname" time="2.124">
    <failure type="java.lang.AssertionError" message="The following asserts failed:
	Welcome message is not displayed. expected [false] but found [true],
	did not expect [https://awesomeqa.com/ui/index.php?route=account/success] but found [https://awesomeqa.com/ui/index.php?route=account/success]">
      <![CDATA[java.lang.AssertionError: The following asserts failed:
Welcome message is not displayed. expected [false] but found [true],
did not expect [https://awesomeqa.com/ui/index.php?route=account/success] but found [https://awesomeqa.com/ui/index.php?route=account/success]
at Pages.RegisterPage.assertRegisterInvalidName(RegisterPage.java:149)
at Tests.RegisterTest.validateRegisterwithInvalidFirstname(RegisterTest.java:56)
at java.base/java.util.ArrayList.forEach(ArrayList.java:1597)
... Removed 32 stack frames]]>
    </failure>
  </testcase> <!-- validateRegisterwithInvalidFirstname -->
  <testcase classname="Tests.RegisterTest" name="validateRegisterwithInvalidLastname" time="2.162">
    <failure type="java.lang.AssertionError" message="The following asserts failed:
	Welcome message is not displayed. expected [false] but found [true],
	did not expect [https://awesomeqa.com/ui/index.php?route=account/success] but found [https://awesomeqa.com/ui/index.php?route=account/success]">
      <![CDATA[java.lang.AssertionError: The following asserts failed:
Welcome message is not displayed. expected [false] but found [true],
did not expect [https://awesomeqa.com/ui/index.php?route=account/success] but found [https://awesomeqa.com/ui/index.php?route=account/success]
at Pages.RegisterPage.assertRegisterInvalidName(RegisterPage.java:149)
at Tests.RegisterTest.validateRegisterwithInvalidLastname(RegisterTest.java:68)
at java.base/java.util.ArrayList.forEach(ArrayList.java:1597)
... Removed 32 stack frames]]>
    </failure>
  </testcase> <!-- validateRegisterwithInvalidLastname -->
  <testcase classname="Tests.RegisterTest" name="validateRegisterwithInvalidTelephoneNumber" time="2.065">
    <failure type="java.lang.AssertionError" message="The following asserts failed:
	Welcome message is not displayed. expected [false] but found [true],
	did not expect [https://awesomeqa.com/ui/index.php?route=account/success] but found [https://awesomeqa.com/ui/index.php?route=account/success]">
      <![CDATA[java.lang.AssertionError: The following asserts failed:
Welcome message is not displayed. expected [false] but found [true],
did not expect [https://awesomeqa.com/ui/index.php?route=account/success] but found [https://awesomeqa.com/ui/index.php?route=account/success]
at Pages.RegisterPage.assertRegisterInvalidTelephoneNum(RegisterPage.java:156)
at Tests.RegisterTest.validateRegisterwithInvalidTelephoneNumber(RegisterTest.java:107)
at java.base/java.util.ArrayList.forEach(ArrayList.java:1597)
... Removed 32 stack frames]]>
    </failure>
  </testcase> <!-- validateRegisterwithInvalidTelephoneNumber -->
  <testcase classname="Tests.RegisterTest" name="validateRegisterwithLastNameEmptyField" time="1.85"/>
  <testcase classname="Tests.RegisterTest" name="validateRegisterwithPasswordEmptyField" time="1.967"/>
  <testcase classname="Tests.RegisterTest" name="validateRegisterwithRepeatedEmail" time="2.016"/>
  <testcase classname="Tests.RegisterTest" name="validateRegisterwithTelephoneEmptyField" time="2.414"/>
  <testcase classname="Tests.RegisterTest" name="validateRegisterwithoutPrivacyCheck" time="2.047"/>
</testsuite> <!-- Surefire test -->
